<?xml version="1.0" encoding="UTF-8"?>
<!-- Generated by org.testng.reporters.JUnitReportReporter -->
<testsuite hostname="DESKTOP-VA196IG" failures="0" tests="1" name="tests.EndToEndScenario" time="8.099" errors="0" timestamp="2024-11-26T23:55:38 IST" skipped="0">
  <testcase classname="tests.EndToEndScenario" name="endToEndScenario" time="8.099"/>
  <system-out/>
</testsuite> <!-- tests.EndToEndScenario -->
